e:\workprojects\gtdecorationrobottool\gtdecorationrobottool\release\vc120.pdb
e:\workprojects\gtdecorationrobottool\gtdecorationrobottool\release\moc_qgtimageview.obj
e:\workprojects\gtdecorationrobottool\gtdecorationrobottool\release\moc_qgtfunctionaldemopage.obj
e:\workprojects\gtdecorationrobottool\gtdecorationrobottool\release\moc_qgtdrawlineset.obj
e:\workprojects\gtdecorationrobottool\gtdecorationrobottool\release\moc_qgtdemoplanset.obj
e:\workprojects\gtdecorationrobottool\gtdecorationrobottool\release\moc_qgtdemoplanf.obj
e:\workprojects\gtdecorationrobottool\gtdecorationrobottool\release\moc_qgtdemoplane.obj
e:\workprojects\gtdecorationrobottool\gtdecorationrobottool\release\moc_qgtdemopland.obj
e:\workprojects\gtdecorationrobottool\gtdecorationrobottool\release\moc_qgtdemoplanc.obj
e:\workprojects\gtdecorationrobottool\gtdecorationrobottool\release\moc_qgtdemoplanb.obj
e:\workprojects\gtdecorationrobottool\gtdecorationrobottool\release\moc_qgtdemoplana.obj
e:\workprojects\gtdecorationrobottool\gtdecorationrobottool\release\moc_qgtcommunicationset.obj
e:\workprojects\gtdecorationrobottool\gtdecorationrobottool\release\moc_qgtchasiswheelview.obj
e:\workprojects\gtdecorationrobottool\gtdecorationrobottool\release\moc_qgtchasismodule.obj
e:\workprojects\gtdecorationrobottool\gtdecorationrobottool\release\moc_gtdecorationrobottool.obj
e:\workprojects\gtdecorationrobottool\gtdecorationrobottool\release\qgttoolbutton.obj
e:\workprojects\gtdecorationrobottool\gtdecorationrobottool\release\qgtthread.obj
e:\workprojects\gtdecorationrobottool\gtdecorationrobottool\release\qgtippartlineedit.obj
e:\workprojects\gtdecorationrobottool\gtdecorationrobottool\release\qgtipaddressedit.obj
e:\workprojects\gtdecorationrobottool\gtdecorationrobottool\release\qgtimageview.obj
e:\workprojects\gtdecorationrobottool\gtdecorationrobottool\release\qgtchasiswheelview.obj
e:\workprojects\gtdecorationrobottool\gtdecorationrobottool\release\motormodbus.obj
e:\workprojects\gtdecorationrobottool\gtdecorationrobottool\release\findlinebase.obj
e:\workprojects\gtdecorationrobottool\gtdecorationrobottool\release\findline.obj
e:\workprojects\gtdecorationrobottool\gtdecorationrobottool\release\chasisnet.obj
e:\workprojects\gtdecorationrobottool\gtdecorationrobottool\release\gtdecorationrobottool.obj
e:\workprojects\gtdecorationrobottool\gtdecorationrobottool\release\globalunit.obj
e:\workprojects\gtdecorationrobottool\gtdecorationrobottool\release\moc_qgttoolbutton.obj
e:\workprojects\gtdecorationrobottool\gtdecorationrobottool\release\moc_qgttilingset.obj
e:\workprojects\gtdecorationrobottool\gtdecorationrobottool\release\moc_qgttilingposview.obj
e:\workprojects\gtdecorationrobottool\gtdecorationrobottool\release\moc_qgtthread.obj
e:\workprojects\gtdecorationrobottool\gtdecorationrobottool\release\moc_qgtspraypaintset.obj
e:\workprojects\gtdecorationrobottool\gtdecorationrobottool\release\moc_qgtrosspraypaintset.obj
e:\workprojects\gtdecorationrobottool\gtdecorationrobottool\release\moc_qgtrobotmodule.obj
e:\workprojects\gtdecorationrobottool\gtdecorationrobottool\release\moc_qgtmodularcontrolpage.obj
e:\workprojects\gtdecorationrobottool\gtdecorationrobottool\release\moc_qgtloginpage.obj
e:\workprojects\gtdecorationrobottool\gtdecorationrobottool\release\moc_qgtlinefollowset.obj
e:\workprojects\gtdecorationrobottool\gtdecorationrobottool\release\moc_qgtliftplatmodule.obj
e:\workprojects\gtdecorationrobottool\gtdecorationrobottool\release\moc_qgtjoyhandlemodule.obj
e:\workprojects\gtdecorationrobottool\gtdecorationrobottool\release\moc_qgtippartlineedit.obj
e:\workprojects\gtdecorationrobottool\gtdecorationrobottool\release\moc_qgtipaddressedit.obj
e:\workprojects\gtdecorationrobottool\gtdecorationrobottool\release\qgtloginpage.obj
e:\workprojects\gtdecorationrobottool\gtdecorationrobottool\release\qgtlinefollowset.obj
e:\workprojects\gtdecorationrobottool\gtdecorationrobottool\release\qgtliftplatmodule.obj
e:\workprojects\gtdecorationrobottool\gtdecorationrobottool\release\qgtjoyhandlemodule.obj
e:\workprojects\gtdecorationrobottool\gtdecorationrobottool\release\qgtfunctionaldemopage.obj
e:\workprojects\gtdecorationrobottool\gtdecorationrobottool\release\qgtdrawlineset.obj
e:\workprojects\gtdecorationrobottool\gtdecorationrobottool\release\qgtdemoplanset.obj
e:\workprojects\gtdecorationrobottool\gtdecorationrobottool\release\qgtdemoplanf.obj
e:\workprojects\gtdecorationrobottool\gtdecorationrobottool\release\qgtdemoplane.obj
e:\workprojects\gtdecorationrobottool\gtdecorationrobottool\release\qgtdemopland.obj
e:\workprojects\gtdecorationrobottool\gtdecorationrobottool\release\qgtdemoplanc.obj
e:\workprojects\gtdecorationrobottool\gtdecorationrobottool\release\qgtdemoplanb.obj
e:\workprojects\gtdecorationrobottool\gtdecorationrobottool\release\qgtdemoplana.obj
e:\workprojects\gtdecorationrobottool\gtdecorationrobottool\release\qgtcommunicationset.obj
e:\workprojects\gtdecorationrobottool\gtdecorationrobottool\release\qgtchasismodule.obj
e:\workprojects\gtdecorationrobottool\gtdecorationrobottool\release\main.obj
e:\workprojects\gtdecorationrobottool\gtdecorationrobottool\release\urrobotarmnet.obj
e:\workprojects\gtdecorationrobottool\gtdecorationrobottool\release\urmodbusnet.obj
e:\workprojects\gtdecorationrobottool\gtdecorationrobottool\release\serialport.obj
e:\workprojects\gtdecorationrobottool\gtdecorationrobottool\release\rosplatnet.obj
e:\workprojects\gtdecorationrobottool\gtdecorationrobottool\release\qgttilingset.obj
e:\workprojects\gtdecorationrobottool\gtdecorationrobottool\release\qgttilingposview.obj
e:\workprojects\gtdecorationrobottool\gtdecorationrobottool\release\qgtspraypaintset.obj
e:\workprojects\gtdecorationrobottool\gtdecorationrobottool\release\qgtrosspraypaintset.obj
e:\workprojects\gtdecorationrobottool\gtdecorationrobottool\release\qgtrobotmodule.obj
e:\workprojects\gtdecorationrobottool\gtdecorationrobottool\release\qgtmodularcontrolpage.obj
e:\workprojects\gtdecorationrobottool\gtdecorationrobottool\release\qrc_gtdecorationrobottool.obj
e:\workprojects\gtdecorationrobottool\gtdecorationrobottool\generatedfiles\release\moc_gtdecorationrobottool.cpp
e:\workprojects\gtdecorationrobottool\gtdecorationrobottool\generatedfiles\ui_gtdecorationrobottool.h
e:\workprojects\gtdecorationrobottool\gtdecorationrobottool\generatedfiles\release\moc_qgtchasiswheelview.cpp
e:\workprojects\gtdecorationrobottool\gtdecorationrobottool\generatedfiles\release\moc_qgtipaddressedit.cpp
e:\workprojects\gtdecorationrobottool\gtdecorationrobottool\generatedfiles\release\moc_qgtippartlineedit.cpp
e:\workprojects\gtdecorationrobottool\gtdecorationrobottool\generatedfiles\release\moc_qgtthread.cpp
e:\workprojects\gtdecorationrobottool\gtdecorationrobottool\generatedfiles\release\moc_qgtimageview.cpp
e:\workprojects\gtdecorationrobottool\gtdecorationrobottool\generatedfiles\release\moc_qgtchasismodule.cpp
e:\workprojects\gtdecorationrobottool\gtdecorationrobottool\generatedfiles\release\moc_qgtliftplatmodule.cpp
e:\workprojects\gtdecorationrobottool\gtdecorationrobottool\generatedfiles\release\moc_qgtrobotmodule.cpp
e:\workprojects\gtdecorationrobottool\gtdecorationrobottool\generatedfiles\release\moc_qgtcommunicationset.cpp
e:\workprojects\gtdecorationrobottool\gtdecorationrobottool\generatedfiles\release\moc_qgtloginpage.cpp
e:\workprojects\gtdecorationrobottool\gtdecorationrobottool\generatedfiles\release\moc_qgtdemoplanset.cpp
e:\workprojects\gtdecorationrobottool\gtdecorationrobottool\generatedfiles\release\moc_qgtlinefollowset.cpp
e:\workprojects\gtdecorationrobottool\gtdecorationrobottool\generatedfiles\release\moc_qgtfunctionaldemopage.cpp
e:\workprojects\gtdecorationrobottool\gtdecorationrobottool\generatedfiles\release\moc_qgtdrawlineset.cpp
e:\workprojects\gtdecorationrobottool\gtdecorationrobottool\generatedfiles\release\moc_qgtdemoplana.cpp
e:\workprojects\gtdecorationrobottool\gtdecorationrobottool\generatedfiles\release\moc_qgtdemoplanb.cpp
e:\workprojects\gtdecorationrobottool\gtdecorationrobottool\generatedfiles\release\moc_qgtdemoplanc.cpp
e:\workprojects\gtdecorationrobottool\gtdecorationrobottool\generatedfiles\release\moc_qgtdemopland.cpp
e:\workprojects\gtdecorationrobottool\gtdecorationrobottool\generatedfiles\release\moc_qgttilingset.cpp
e:\workprojects\gtdecorationrobottool\gtdecorationrobottool\generatedfiles\release\moc_qgttilingposview.cpp
e:\workprojects\gtdecorationrobottool\gtdecorationrobottool\generatedfiles\release\moc_qgtjoyhandlemodule.cpp
e:\workprojects\gtdecorationrobottool\gtdecorationrobottool\generatedfiles\release\moc_qgtspraypaintset.cpp
e:\workprojects\gtdecorationrobottool\gtdecorationrobottool\generatedfiles\release\moc_qgtdemoplane.cpp
e:\workprojects\gtdecorationrobottool\gtdecorationrobottool\generatedfiles\release\moc_qgtdemoplanf.cpp
e:\workprojects\gtdecorationrobottool\gtdecorationrobottool\generatedfiles\release\moc_qgtrosspraypaintset.cpp
e:\workprojects\gtdecorationrobottool\gtdecorationrobottool\generatedfiles\release\moc_qgtmodularcontrolpage.cpp
e:\workprojects\gtdecorationrobottool\gtdecorationrobottool\generatedfiles\release\moc_qgttoolbutton.cpp
e:\workprojects\gtdecorationrobottool\gtdecorationrobottool\generatedfiles\qrc_gtdecorationrobottool.cpp
e:\workprojects\gtdecorationrobottool\gtdecorationrobottool\generatedfiles\ui_qgtmodularcontrolpage.h
e:\workprojects\gtdecorationrobottool\gtdecorationrobottool\generatedfiles\ui_qgtchasismodule.h
e:\workprojects\gtdecorationrobottool\gtdecorationrobottool\generatedfiles\ui_qgtliftplatmodule.h
e:\workprojects\gtdecorationrobottool\gtdecorationrobottool\generatedfiles\ui_qgtrobotmodule.h
e:\workprojects\gtdecorationrobottool\gtdecorationrobottool\generatedfiles\ui_qgtcommunicationset.h
e:\workprojects\gtdecorationrobottool\gtdecorationrobottool\generatedfiles\ui_qgtloginpage.h
e:\workprojects\gtdecorationrobottool\gtdecorationrobottool\generatedfiles\ui_qgtdemoplanset.h
e:\workprojects\gtdecorationrobottool\gtdecorationrobottool\generatedfiles\ui_qgtlinefollowset.h
e:\workprojects\gtdecorationrobottool\gtdecorationrobottool\generatedfiles\ui_qgtfunctionaldemopage.h
e:\workprojects\gtdecorationrobottool\gtdecorationrobottool\generatedfiles\ui_qgtdrawlineset.h
e:\workprojects\gtdecorationrobottool\gtdecorationrobottool\generatedfiles\ui_qgtdemoplana.h
e:\workprojects\gtdecorationrobottool\gtdecorationrobottool\generatedfiles\ui_qgtdemoplanb.h
e:\workprojects\gtdecorationrobottool\gtdecorationrobottool\generatedfiles\ui_qgtdemoplanc.h
e:\workprojects\gtdecorationrobottool\gtdecorationrobottool\generatedfiles\ui_qgtdemopland.h
e:\workprojects\gtdecorationrobottool\gtdecorationrobottool\generatedfiles\ui_qgttilingset.h
e:\workprojects\gtdecorationrobottool\gtdecorationrobottool\generatedfiles\ui_qgtjoyhandlemodule.h
e:\workprojects\gtdecorationrobottool\gtdecorationrobottool\generatedfiles\ui_qgtspraypaintset.h
e:\workprojects\gtdecorationrobottool\gtdecorationrobottool\generatedfiles\ui_qgtdemoplane.h
e:\workprojects\gtdecorationrobottool\gtdecorationrobottool\generatedfiles\ui_qgtdemoplanf.h
e:\workprojects\gtdecorationrobottool\gtdecorationrobottool\generatedfiles\ui_qgtrosspraypaintset.h
e:\workprojects\gtdecorationrobottool\win32\release\gtdecorationrobottool.exe
e:\workprojects\gtdecorationrobottool\win32\release\gtdecorationrobottool.pdb
e:\workprojects\gtdecorationrobottool\gtdecorationrobottool\release\gtdecorationrobottool.res
d:\baidunetdiskdownload\装修机器人\装修机器人源码\gtdecorationrobottool\gtdecorationrobottool\release\chasisnet.obj
d:\baidunetdiskdownload\装修机器人\装修机器人源码\gtdecorationrobottool\gtdecorationrobottool\release\findline.obj
d:\baidunetdiskdownload\装修机器人\装修机器人源码\gtdecorationrobottool\gtdecorationrobottool\release\findlinebase.obj
d:\baidunetdiskdownload\装修机器人\装修机器人源码\gtdecorationrobottool\gtdecorationrobottool\release\globalunit.obj
d:\baidunetdiskdownload\装修机器人\装修机器人源码\gtdecorationrobottool\gtdecorationrobottool\release\gtdecorationrobottool.obj
d:\baidunetdiskdownload\装修机器人\装修机器人源码\gtdecorationrobottool\gtdecorationrobottool\release\main.obj
d:\baidunetdiskdownload\装修机器人\装修机器人源码\gtdecorationrobottool\gtdecorationrobottool\release\moc_gtdecorationrobottool.obj
d:\baidunetdiskdownload\装修机器人\装修机器人源码\gtdecorationrobottool\gtdecorationrobottool\release\moc_qgtchasismodule.obj
d:\baidunetdiskdownload\装修机器人\装修机器人源码\gtdecorationrobottool\gtdecorationrobottool\release\moc_qgtchasiswheelview.obj
d:\baidunetdiskdownload\装修机器人\装修机器人源码\gtdecorationrobottool\gtdecorationrobottool\release\moc_qgtcommunicationset.obj
d:\baidunetdiskdownload\装修机器人\装修机器人源码\gtdecorationrobottool\gtdecorationrobottool\release\moc_qgtdemoplana.obj
d:\baidunetdiskdownload\装修机器人\装修机器人源码\gtdecorationrobottool\gtdecorationrobottool\release\moc_qgtdemoplanb.obj
d:\baidunetdiskdownload\装修机器人\装修机器人源码\gtdecorationrobottool\gtdecorationrobottool\release\moc_qgtdemoplanc.obj
d:\baidunetdiskdownload\装修机器人\装修机器人源码\gtdecorationrobottool\gtdecorationrobottool\release\moc_qgtdemopland.obj
d:\baidunetdiskdownload\装修机器人\装修机器人源码\gtdecorationrobottool\gtdecorationrobottool\release\moc_qgtdemoplane.obj
d:\baidunetdiskdownload\装修机器人\装修机器人源码\gtdecorationrobottool\gtdecorationrobottool\release\moc_qgtdemoplanf.obj
d:\baidunetdiskdownload\装修机器人\装修机器人源码\gtdecorationrobottool\gtdecorationrobottool\release\moc_qgtdemoplanset.obj
d:\baidunetdiskdownload\装修机器人\装修机器人源码\gtdecorationrobottool\gtdecorationrobottool\release\moc_qgtdrawlineset.obj
d:\baidunetdiskdownload\装修机器人\装修机器人源码\gtdecorationrobottool\gtdecorationrobottool\release\moc_qgtfunctionaldemopage.obj
d:\baidunetdiskdownload\装修机器人\装修机器人源码\gtdecorationrobottool\gtdecorationrobottool\release\moc_qgtimageview.obj
d:\baidunetdiskdownload\装修机器人\装修机器人源码\gtdecorationrobottool\gtdecorationrobottool\release\moc_qgtipaddressedit.obj
d:\baidunetdiskdownload\装修机器人\装修机器人源码\gtdecorationrobottool\gtdecorationrobottool\release\moc_qgtippartlineedit.obj
d:\baidunetdiskdownload\装修机器人\装修机器人源码\gtdecorationrobottool\gtdecorationrobottool\release\moc_qgtjoyhandlemodule.obj
d:\baidunetdiskdownload\装修机器人\装修机器人源码\gtdecorationrobottool\gtdecorationrobottool\release\moc_qgtliftplatmodule.obj
d:\baidunetdiskdownload\装修机器人\装修机器人源码\gtdecorationrobottool\gtdecorationrobottool\release\moc_qgtlinefollowset.obj
d:\baidunetdiskdownload\装修机器人\装修机器人源码\gtdecorationrobottool\gtdecorationrobottool\release\moc_qgtloginpage.obj
d:\baidunetdiskdownload\装修机器人\装修机器人源码\gtdecorationrobottool\gtdecorationrobottool\release\moc_qgtmodularcontrolpage.obj
d:\baidunetdiskdownload\装修机器人\装修机器人源码\gtdecorationrobottool\gtdecorationrobottool\release\moc_qgtrobotmodule.obj
d:\baidunetdiskdownload\装修机器人\装修机器人源码\gtdecorationrobottool\gtdecorationrobottool\release\moc_qgtrosspraypaintset.obj
d:\baidunetdiskdownload\装修机器人\装修机器人源码\gtdecorationrobottool\gtdecorationrobottool\release\moc_qgtspraypaintset.obj
d:\baidunetdiskdownload\装修机器人\装修机器人源码\gtdecorationrobottool\gtdecorationrobottool\release\moc_qgtthread.obj
d:\baidunetdiskdownload\装修机器人\装修机器人源码\gtdecorationrobottool\gtdecorationrobottool\release\moc_qgttilingposview.obj
d:\baidunetdiskdownload\装修机器人\装修机器人源码\gtdecorationrobottool\gtdecorationrobottool\release\moc_qgttilingset.obj
d:\baidunetdiskdownload\装修机器人\装修机器人源码\gtdecorationrobottool\gtdecorationrobottool\release\moc_qgttoolbutton.obj
d:\baidunetdiskdownload\装修机器人\装修机器人源码\gtdecorationrobottool\gtdecorationrobottool\release\motormodbus.obj
d:\baidunetdiskdownload\装修机器人\装修机器人源码\gtdecorationrobottool\gtdecorationrobottool\release\qgtchasismodule.obj
d:\baidunetdiskdownload\装修机器人\装修机器人源码\gtdecorationrobottool\gtdecorationrobottool\release\qgtchasiswheelview.obj
d:\baidunetdiskdownload\装修机器人\装修机器人源码\gtdecorationrobottool\gtdecorationrobottool\release\qgtcommunicationset.obj
d:\baidunetdiskdownload\装修机器人\装修机器人源码\gtdecorationrobottool\gtdecorationrobottool\release\qgtdemoplana.obj
d:\baidunetdiskdownload\装修机器人\装修机器人源码\gtdecorationrobottool\gtdecorationrobottool\release\qgtdemoplanb.obj
d:\baidunetdiskdownload\装修机器人\装修机器人源码\gtdecorationrobottool\gtdecorationrobottool\release\qgtdemoplanc.obj
d:\baidunetdiskdownload\装修机器人\装修机器人源码\gtdecorationrobottool\gtdecorationrobottool\release\qgtdemopland.obj
d:\baidunetdiskdownload\装修机器人\装修机器人源码\gtdecorationrobottool\gtdecorationrobottool\release\qgtdemoplane.obj
d:\baidunetdiskdownload\装修机器人\装修机器人源码\gtdecorationrobottool\gtdecorationrobottool\release\qgtdemoplanf.obj
d:\baidunetdiskdownload\装修机器人\装修机器人源码\gtdecorationrobottool\gtdecorationrobottool\release\qgtdemoplanset.obj
d:\baidunetdiskdownload\装修机器人\装修机器人源码\gtdecorationrobottool\gtdecorationrobottool\release\qgtdrawlineset.obj
d:\baidunetdiskdownload\装修机器人\装修机器人源码\gtdecorationrobottool\gtdecorationrobottool\release\qgtfunctionaldemopage.obj
d:\baidunetdiskdownload\装修机器人\装修机器人源码\gtdecorationrobottool\gtdecorationrobottool\release\qgtimageview.obj
d:\baidunetdiskdownload\装修机器人\装修机器人源码\gtdecorationrobottool\gtdecorationrobottool\release\qgtipaddressedit.obj
d:\baidunetdiskdownload\装修机器人\装修机器人源码\gtdecorationrobottool\gtdecorationrobottool\release\qgtippartlineedit.obj
d:\baidunetdiskdownload\装修机器人\装修机器人源码\gtdecorationrobottool\gtdecorationrobottool\release\qgtjoyhandlemodule.obj
d:\baidunetdiskdownload\装修机器人\装修机器人源码\gtdecorationrobottool\gtdecorationrobottool\release\qgtliftplatmodule.obj
d:\baidunetdiskdownload\装修机器人\装修机器人源码\gtdecorationrobottool\gtdecorationrobottool\release\qgtlinefollowset.obj
d:\baidunetdiskdownload\装修机器人\装修机器人源码\gtdecorationrobottool\gtdecorationrobottool\release\qgtloginpage.obj
d:\baidunetdiskdownload\装修机器人\装修机器人源码\gtdecorationrobottool\gtdecorationrobottool\release\qgtmodularcontrolpage.obj
d:\baidunetdiskdownload\装修机器人\装修机器人源码\gtdecorationrobottool\gtdecorationrobottool\release\qgtrobotmodule.obj
d:\baidunetdiskdownload\装修机器人\装修机器人源码\gtdecorationrobottool\gtdecorationrobottool\release\qgtrosspraypaintset.obj
d:\baidunetdiskdownload\装修机器人\装修机器人源码\gtdecorationrobottool\gtdecorationrobottool\release\qgtspraypaintset.obj
d:\baidunetdiskdownload\装修机器人\装修机器人源码\gtdecorationrobottool\gtdecorationrobottool\release\qgtthread.obj
d:\baidunetdiskdownload\装修机器人\装修机器人源码\gtdecorationrobottool\gtdecorationrobottool\release\qgttilingposview.obj
d:\baidunetdiskdownload\装修机器人\装修机器人源码\gtdecorationrobottool\gtdecorationrobottool\release\qgttilingset.obj
d:\baidunetdiskdownload\装修机器人\装修机器人源码\gtdecorationrobottool\gtdecorationrobottool\release\qgttoolbutton.obj
d:\baidunetdiskdownload\装修机器人\装修机器人源码\gtdecorationrobottool\gtdecorationrobottool\release\qrc_gtdecorationrobottool.obj
d:\baidunetdiskdownload\装修机器人\装修机器人源码\gtdecorationrobottool\gtdecorationrobottool\release\rosplatnet.obj
d:\baidunetdiskdownload\装修机器人\装修机器人源码\gtdecorationrobottool\gtdecorationrobottool\release\serialport.obj
d:\baidunetdiskdownload\装修机器人\装修机器人源码\gtdecorationrobottool\gtdecorationrobottool\release\urmodbusnet.obj
d:\baidunetdiskdownload\装修机器人\装修机器人源码\gtdecorationrobottool\gtdecorationrobottool\release\urrobotarmnet.obj
d:\baidunetdiskdownload\装修机器人\装修机器人源码\gtdecorationrobottool\gtdecorationrobottool\release\gtdecorationrobottool.res
d:\baidunetdiskdownload\装修机器人\装修机器人源码\gtdecorationrobottool\gtdecorationrobottool\release\vc120.pdb
d:\baidunetdiskdownload\装修机器人\装修机器人源码\gtdecorationrobottool\win32\release\gtdecorationrobottool.pdb
d:\baidunetdiskdownload\装修机器人\装修机器人源码\gtdecorationrobottool\win32\release\gtdecorationrobottool.exe
d:\baidunetdiskdownload\装修机器人\装修机器人源码\gtdecorationrobottool\gtdecorationrobottool\release\gtdecora.b12702ad.tlog\cl.command.1.tlog
d:\baidunetdiskdownload\装修机器人\装修机器人源码\gtdecorationrobottool\gtdecorationrobottool\release\gtdecora.b12702ad.tlog\cl.read.1.tlog
d:\baidunetdiskdownload\装修机器人\装修机器人源码\gtdecorationrobottool\gtdecorationrobottool\release\gtdecora.b12702ad.tlog\cl.write.1.tlog
d:\baidunetdiskdownload\装修机器人\装修机器人源码\gtdecorationrobottool\gtdecorationrobottool\release\gtdecora.b12702ad.tlog\custombuild.command.1.tlog
d:\baidunetdiskdownload\装修机器人\装修机器人源码\gtdecorationrobottool\gtdecorationrobottool\release\gtdecora.b12702ad.tlog\custombuild.read.1.tlog
d:\baidunetdiskdownload\装修机器人\装修机器人源码\gtdecorationrobottool\gtdecorationrobottool\release\gtdecora.b12702ad.tlog\custombuild.write.1.tlog
d:\baidunetdiskdownload\装修机器人\装修机器人源码\gtdecorationrobottool\gtdecorationrobottool\release\gtdecora.b12702ad.tlog\link.command.1.tlog
d:\baidunetdiskdownload\装修机器人\装修机器人源码\gtdecorationrobottool\gtdecorationrobottool\release\gtdecora.b12702ad.tlog\link.read.1.tlog
d:\baidunetdiskdownload\装修机器人\装修机器人源码\gtdecorationrobottool\gtdecorationrobottool\release\gtdecora.b12702ad.tlog\link.write.1.tlog
d:\baidunetdiskdownload\装修机器人\装修机器人源码\gtdecorationrobottool\gtdecorationrobottool\release\gtdecora.b12702ad.tlog\rc.command.1.tlog
d:\baidunetdiskdownload\装修机器人\装修机器人源码\gtdecorationrobottool\gtdecorationrobottool\release\gtdecora.b12702ad.tlog\rc.read.1.tlog
d:\baidunetdiskdownload\装修机器人\装修机器人源码\gtdecorationrobottool\gtdecorationrobottool\release\gtdecora.b12702ad.tlog\rc.write.1.tlog
